Using pre-set license
Built from '2022.3/staging' branch; Version is '2022.3.10f1 (ff3792e53c62) revision 16725906'; Using compiler version '192829333'; Build Type 'Release'
OS: 'Windows 11  (10.0.22621) 64bit Core' Language: 'uk' Physical Memory: 15694 MB
BatchMode: 1, IsHumanControllingUs: 0, StartBugReporterOnCrash: 0, Is64bit: 1, IsPro: 1

COMMAND LINE ARGUMENTS:
C:\Program Files\Unity\Hub\Editor\2022.3.10f1\Editor\Unity.exe
-adb2
-batchMode
-noUpm
-name
AssetImportWorker2
-projectPath
C:/Users/kosta/Spaceshooter
-logFile
Logs/AssetImportWorker2.log
-srvPort
50388
Successfully changed project path to: C:/Users/kosta/Spaceshooter
C:/Users/kosta/Spaceshooter
[UnityMemory] Configuration Parameters - Can be set up in boot.config
    "memorysetup-bucket-allocator-granularity=16"
    "memorysetup-bucket-allocator-bucket-count=8"
    "memorysetup-bucket-allocator-block-size=33554432"
    "memorysetup-bucket-allocator-block-count=8"
    "memorysetup-main-allocator-block-size=16777216"
    "memorysetup-thread-allocator-block-size=16777216"
    "memorysetup-gfx-main-allocator-block-size=16777216"
    "memorysetup-gfx-thread-allocator-block-size=16777216"
    "memorysetup-cache-allocator-block-size=4194304"
    "memorysetup-typetree-allocator-block-size=2097152"
    "memorysetup-profiler-bucket-allocator-granularity=16"
    "memorysetup-profiler-bucket-allocator-bucket-count=8"
    "memorysetup-profiler-bucket-allocator-block-size=33554432"
    "memorysetup-profiler-bucket-allocator-block-count=8"
    "memorysetup-profiler-allocator-block-size=16777216"
    "memorysetup-profiler-editor-allocator-block-size=1048576"
    "memorysetup-temp-allocator-size-main=16777216"
    "memorysetup-job-temp-allocator-block-size=2097152"
    "memorysetup-job-temp-allocator-block-size-background=1048576"
    "memorysetup-job-temp-allocator-reduction-small-platforms=262144"
    "memorysetup-allocator-temp-initial-block-size-main=262144"
    "memorysetup-allocator-temp-initial-block-size-worker=262144"
    "memorysetup-temp-allocator-size-background-worker=32768"
    "memorysetup-temp-allocator-size-job-worker=262144"
    "memorysetup-temp-allocator-size-preload-manager=33554432"
    "memorysetup-temp-allocator-size-nav-mesh-worker=65536"
    "memorysetup-temp-allocator-size-audio-worker=65536"
    "memorysetup-temp-allocator-size-cloud-worker=32768"
    "memorysetup-temp-allocator-size-gi-baking-worker=262144"
    "memorysetup-temp-allocator-size-gfx=262144"
Player connection [8572] Host "[IP] 192.168.2.203 [Port] 0 [Flags] 2 [Guid] 4221289576 [EditorId] 4221289576 [Version] 1048832 [Id] WindowsEditor(7,LAPTOP-2HR793AQ) [Debug] 1 [PackageName] WindowsEditor [ProjectName] Editor" joined multi-casting on [225.0.0.222:54997]...

Player connection [8572] Host "[IP] 192.168.2.203 [Port] 0 [Flags] 2 [Guid] 4221289576 [EditorId] 4221289576 [Version] 1048832 [Id] WindowsEditor(7,LAPTOP-2HR793AQ) [Debug] 1 [PackageName] WindowsEditor [ProjectName] Editor" joined alternative multi-casting on [225.0.0.222:34997]...

[Physics::Module] Initialized MultithreadedJobDispatcher with 11 workers.
Refreshing native plugins compatible for Editor in 33.65 ms, found 4 plugins.
Preloading 0 native plugins for Editor in 0.00 ms.
Initialize engine version: 2022.3.10f1 (ff3792e53c62)
[Subsystems] Discovering subsystems at path C:/Program Files/Unity/Hub/Editor/2022.3.10f1/Editor/Data/Resources/UnitySubsystems
[Subsystems] Discovering subsystems at path C:/Users/kosta/Spaceshooter/Assets
GfxDevice: creating device client; threaded=0; jobified=0
Direct3D:
    Version:  Direct3D 11.0 [level 11.1]
    Renderer: AMD Radeon(TM) Graphics (ID=0x164c)
    Vendor:   ATI
    VRAM:     7847 MB
    Driver:   31.0.12044.3
Initialize mono
Mono path[0] = 'C:/Program Files/Unity/Hub/Editor/2022.3.10f1/Editor/Data/Managed'
Mono path[1] = 'C:/Program Files/Unity/Hub/Editor/2022.3.10f1/Editor/Data/MonoBleedingEdge/lib/mono/unityjit-win32'
Mono config path = 'C:/Program Files/Unity/Hub/Editor/2022.3.10f1/Editor/Data/MonoBleedingEdge/etc'
Using monoOptions --debugger-agent=transport=dt_socket,embedding=1,server=y,suspend=n,address=127.0.0.1:56200
Begin MonoManager ReloadAssembly
Registering precompiled unity dll's ...
Register platform support module: C:/Program Files/Unity/Hub/Editor/2022.3.10f1/Editor/Data/PlaybackEngines/AndroidPlayer/UnityEditor.Android.Extensions.dll
Register platform support module: C:/Program Files/Unity/Hub/Editor/2022.3.10f1/Editor/Data/PlaybackEngines/WindowsStandaloneSupport/UnityEditor.WindowsStandalone.Extensions.dll
Registered in 0.023179 seconds.
- Loaded All Assemblies, in  0.608 seconds
Native extension for WindowsStandalone target not found
Native extension for Android target not found
Android Extension - Scanning For ADB Devices 656 ms
Mono: successfully reloaded assembly
- Finished resetting the current domain, in  1.200 seconds
Domain Reload Profiling: 1804ms
	BeginReloadAssembly (225ms)
		ExecutionOrderSort (0ms)
		DisableScriptedObjects (0ms)
		BackupInstance (0ms)
		ReleaseScriptingObjects (0ms)
		CreateAndSetChildDomain (1ms)
	RebuildCommonClasses (50ms)
	RebuildNativeTypeToScriptingClass (15ms)
	initialDomainReloadingComplete (103ms)
	LoadAllAssembliesAndSetupDomain (210ms)
		LoadAssemblies (220ms)
		RebuildTransferFunctionScriptingTraits (0ms)
		AnalyzeDomain (206ms)
			TypeCache.Refresh (204ms)
				TypeCache.ScanAssembly (181ms)
			ScanForSourceGeneratedMonoScriptInfo (1ms)
			ResolveRequiredComponents (1ms)
	FinalizeReload (1201ms)
		ReleaseScriptCaches (0ms)
		RebuildScriptCaches (0ms)
		SetupLoadedEditorAssemblies (1081ms)
			LogAssemblyErrors (0ms)
			InitializePlatformSupportModulesInManaged (893ms)
			SetLoadedEditorAssemblies (5ms)
			RefreshPlugins (0ms)
			BeforeProcessingInitializeOnLoad (3ms)
			ProcessInitializeOnLoadAttributes (127ms)
			ProcessInitializeOnLoadMethodAttributes (54ms)
			AfterProcessingInitializeOnLoad (0ms)
			EditorAssembliesLoaded (0ms)
		ExecutionOrderSort2 (0ms)
		AwakeInstancesAfterBackupRestoration (0ms)
========================================================================
Worker process is ready to serve import requests
Begin MonoManager ReloadAssembly
- Loaded All Assemblies, in  1.244 seconds
Refreshing native plugins compatible for Editor in 12.61 ms, found 4 plugins.
Native extension for WindowsStandalone target not found
Native extension for Android target not found
System.Exception: Error! Visual Scripting: couldn't find visual scripting package
  at Unity.VisualScripting.PackageVersionUtility.get_version () [0x00043] in .\Library\PackageCache\com.unity.visualscripting@1.9.0\Editor\VisualScripting.Core\Utilities\PackageVersionUtility.cs:31 
  at Unity.VisualScripting.BoltCoreManifest.get_version () [0x00000] in .\Library\PackageCache\com.unity.visualscripting@1.9.0\Editor\VisualScripting.Core\Plugin\BoltCoreManifest.cs:11 
  at Unity.VisualScripting.PluginManifest.get_currentVersion () [0x00000] in .\Library\PackageCache\com.unity.visualscripting@1.9.0\Editor\VisualScripting.Core\Plugins\PluginManifest.cs:33 
  at Unity.VisualScripting.PluginManifest.get_versionMismatch () [0x00000] in .\Library\PackageCache\com.unity.visualscripting@1.9.0\Editor\VisualScripting.Core\Plugins\PluginManifest.cs:48 
  at Unity.VisualScripting.PluginContainer.Initialize () [0x00525] in .\Library\PackageCache\com.unity.visualscripting@1.9.0\Editor\VisualScripting.Core\Plugins\PluginContainer.cs:208 
  at Unity.VisualScripting.PluginContainer.InitializeOnLoad () [0x00009] in .\Library\PackageCache\com.unity.visualscripting@1.9.0\Editor\VisualScripting.Core\Plugins\PluginContainer.cs:32 
  at Unity.VisualScripting.VSUsageUtility.DoInitializeOnLoadCalls () [0x00034] in .\Library\PackageCache\com.unity.visualscripting@1.9.0\Editor\VisualScripting.Core\Utilities\VSUsageUtility.cs:76 
  at Unity.VisualScripting.VSUsageUtility.set_isVisualScriptingUsed (System.Boolean value) [0x0002c] in .\Library\PackageCache\com.unity.visualscripting@1.9.0\Editor\VisualScripting.Core\Utilities\VSUsageUtility.cs:114 
  at Unity.VisualScripting.VSUsageUtility.CheckAndSetIsVisualScriptingUsed () [0x00032] in .\Library\PackageCache\com.unity.visualscripting@1.9.0\Editor\VisualScripting.Core\Utilities\VSUsageUtility.cs:48 
  at Unity.VisualScripting.VSUsageUtility..cctor () [0x00000] in .\Library\PackageCache\com.unity.visualscripting@1.9.0\Editor\VisualScripting.Core\Utilities\VSUsageUtility.cs:22 
UnityEngine.StackTraceUtility:ExtractStackTrace ()
UnityEngine.DebugLogHandler:LogFormat (UnityEngine.LogType,UnityEngine.Object,string,object[])
UnityEngine.Logger:Log (UnityEngine.LogType,object)
UnityEngine.Debug:LogError (object)
UnityEditor.EditorAssemblies:ProcessInitializeOnLoadAttributes (System.Type[])

Package Manager log level set to [2]
[Package Manager] Server::EnsureServerProcessIsRunning -- launch failed, reason: Unity was launched with the -noUpm command-line argument
[Package Manager] UpmClient::Send -- Unable to send message (not connected to UPM process).
[Package Manager] Cannot connect to Unity Package Manager local server
Mono: successfully reloaded assembly
- Finished resetting the current domain, in  1.669 seconds
Domain Reload Profiling: 2902ms
	BeginReloadAssembly (214ms)
		ExecutionOrderSort (0ms)
		DisableScriptedObjects (5ms)
		BackupInstance (0ms)
		ReleaseScriptingObjects (0ms)
		CreateAndSetChildDomain (34ms)
	RebuildCommonClasses (52ms)
	RebuildNativeTypeToScriptingClass (18ms)
	initialDomainReloadingComplete (100ms)
	LoadAllAssembliesAndSetupDomain (849ms)
		LoadAssemblies (664ms)
		RebuildTransferFunctionScriptingTraits (0ms)
		AnalyzeDomain (313ms)
			TypeCache.Refresh (269ms)
				TypeCache.ScanAssembly (238ms)
			ScanForSourceGeneratedMonoScriptInfo (35ms)
			ResolveRequiredComponents (6ms)
	FinalizeReload (1670ms)
		ReleaseScriptCaches (0ms)
		RebuildScriptCaches (0ms)
		SetupLoadedEditorAssemblies (1410ms)
			LogAssemblyErrors (0ms)
			InitializePlatformSupportModulesInManaged (41ms)
			SetLoadedEditorAssemblies (4ms)
			RefreshPlugins (0ms)
			BeforeProcessingInitializeOnLoad (116ms)
			ProcessInitializeOnLoadAttributes (1158ms)
			ProcessInitializeOnLoadMethodAttributes (69ms)
			AfterProcessingInitializeOnLoad (21ms)
			EditorAssembliesLoaded (0ms)
		ExecutionOrderSort2 (0ms)
		AwakeInstancesAfterBackupRestoration (11ms)
Launched and connected shader compiler UnityShaderCompiler.exe after 0.10 seconds
Refreshing native plugins compatible for Editor in 13.03 ms, found 4 plugins.
Preloading 0 native plugins for Editor in 0.00 ms.
Unloading 4004 Unused Serialized files (Serialized files now loaded: 0)
Unloading 69 unused Assets / (244.7 KB). Loaded Objects now: 4466.
Memory consumption went from 142.2 MB to 141.9 MB.
Total: 23.756200 ms (FindLiveObjects: 1.164300 ms CreateObjectMapping: 0.860300 ms MarkObjects: 21.347000 ms  DeleteObjects: 0.381100 ms)

AssetImportParameters requested are different than current active one (requested -> active):
  custom:container-demuxer-ogg: 62fdf1f143b41e24485cea50d1cbac27 -> 
  custom:video-decoder-ogg-theora: a1e56fd34408186e4bbccfd4996cb3dc -> 
  custom:framework-win-MediaFoundation: 216162199b28c13a410421893ffa2e32 -> 
  custom:CustomObjectIndexerAttribute: 756ad292c208cfabdd7b50bc23989ffe -> 
  custom:container-demuxer-webm: 4f35f7cbe854078d1ac9338744f61a02 -> 
  custom:container-muxer-webm: aa71ff27fc2769a1b78a27578f13a17b -> 
  custom:video-decoder-webm-vp8: 9c59270c3fd7afecdb556c50c9e8de78 -> 
  custom:SearchIndexIgnoredProperties: e643bd26f0fe6173181afceb89e7c659 -> 
  custom:AudioImporter_EditorPlatform: d09bf68614088b80899f8185d706f6e7 -> 
  custom:video-encoder-webm-vp8: eb34c28f22e8b96e1ab97ce403110664 -> 
  custom:audio-decoder-ogg-vorbis: bf7c407c2cedff20999df2af8eb42d56 -> 
  custom:audio-encoder-webm-vorbis: bf7c407c2cedff20999df2af8eb42d56 -> 
========================================================================
Received Import Request.
  Time since last request: 1361471.138494 seconds.
  path: Packages/com.unity.2d.animation/Editor/Assets/ComponentIcons/Animation.SpriteLibraryVar On@128.png
  artifactKey: Guid(e2c573f07f6d7471d9cad8cb2a5fece0) Importer(815301076,1909f56bfc062723c751e8b465ee728b)
Start importing Packages/com.unity.2d.animation/Editor/Assets/ComponentIcons/Animation.SpriteLibraryVar On@128.png using Guid(e2c573f07f6d7471d9cad8cb2a5fece0) Importer(815301076,1909f56bfc062723c751e8b465ee728b)  -> (artifact id: '6411a47010722ea328ffa2f0307d1745') in 0.123323 seconds
Number of updated asset objects reloaded before import = 0
Number of asset objects unloaded after import = 3
========================================================================
Received Import Request.
  Time since last request: 0.000117 seconds.
  path: Assets/Spirtes/Interface/Buttons/Grey/NUMBERS/06/06_1.png
  artifactKey: Guid(9a17d1b3eaa84a746a328ed79a7ec7d1) Importer(815301076,1909f56bfc062723c751e8b465ee728b)
Start importing Assets/Spirtes/Interface/Buttons/Grey/NUMBERS/06/06_1.png using Guid(9a17d1b3eaa84a746a328ed79a7ec7d1) Importer(815301076,1909f56bfc062723c751e8b465ee728b)  -> (artifact id: '5a7bb774840d219f2e1edfa69eb4eedd') in 0.030513 seconds
Number of updated asset objects reloaded before import = 0
Number of asset objects unloaded after import = 3
========================================================================
Received Import Request.
  Time since last request: 0.000048 seconds.
  path: Packages/com.unity.2d.animation/Editor/Assets/ComponentIcons/Animation.SpriteSkin On@64.png
  artifactKey: Guid(af48269279273434687aeac541f87ca8) Importer(815301076,1909f56bfc062723c751e8b465ee728b)
Start importing Packages/com.unity.2d.animation/Editor/Assets/ComponentIcons/Animation.SpriteSkin On@64.png using Guid(af48269279273434687aeac541f87ca8) Importer(815301076,1909f56bfc062723c751e8b465ee728b)  -> (artifact id: 'c4e6abe2213a85ef8e5d58c9f3439bbd') in 0.036162 seconds
Number of updated asset objects reloaded before import = 0
Number of asset objects unloaded after import = 3
========================================================================
Received Import Request.
  Time since last request: 0.000035 seconds.
  path: Packages/com.unity.2d.animation/Editor/Assets/ComponentIcons/Animation.IKLimb@32.png
  artifactKey: Guid(4567ce7a1cf16433196f2688091df4ca) Importer(815301076,1909f56bfc062723c751e8b465ee728b)
Start importing Packages/com.unity.2d.animation/Editor/Assets/ComponentIcons/Animation.IKLimb@32.png using Guid(4567ce7a1cf16433196f2688091df4ca) Importer(815301076,1909f56bfc062723c751e8b465ee728b)  -> (artifact id: 'e56eff4b5ff5bf795669d95bb216b066') in 0.032518 seconds
Number of updated asset objects reloaded before import = 0
Number of asset objects unloaded after import = 3
========================================================================
Received Import Request.
  Time since last request: 0.000032 seconds.
  path: Assets/Spirtes/Interface/Buttons/Red/BACK/BACK_D1.png
  artifactKey: Guid(97534296e4da9304ea384c004b2b7ce2) Importer(815301076,1909f56bfc062723c751e8b465ee728b)
Start importing Assets/Spirtes/Interface/Buttons/Red/BACK/BACK_D1.png using Guid(97534296e4da9304ea384c004b2b7ce2) Importer(815301076,1909f56bfc062723c751e8b465ee728b)  -> (artifact id: '09a2526a867be3df25b80a592d007b6c') in 0.035602 seconds
Number of updated asset objects reloaded before import = 0
Number of asset objects unloaded after import = 3
========================================================================
Received Import Request.
  Time since last request: 0.000023 seconds.
  path: Packages/com.unity.textmeshpro/Editor Resources/Textures/btn_AlignTop_Light.psd
  artifactKey: Guid(ed041e68439749a69d0efa0e3d896c2e) Importer(815301076,1909f56bfc062723c751e8b465ee728b)
Start importing Packages/com.unity.textmeshpro/Editor Resources/Textures/btn_AlignTop_Light.psd using Guid(ed041e68439749a69d0efa0e3d896c2e) Importer(815301076,1909f56bfc062723c751e8b465ee728b)  -> (artifact id: 'c940e5c96a39ffedebab0e9b508afaf8') in 0.032553 seconds
Number of updated asset objects reloaded before import = 0
Number of asset objects unloaded after import = 2
========================================================================
Received Import Request.
  Time since last request: 0.000055 seconds.
  path: Assets/Spirtes/Interface/Buttons/Grey/NUMBERS/02/02_5.png
  artifactKey: Guid(ac042b8b3c3d6904cb68e35275a64d11) Importer(815301076,1909f56bfc062723c751e8b465ee728b)
Start importing Assets/Spirtes/Interface/Buttons/Grey/NUMBERS/02/02_5.png using Guid(ac042b8b3c3d6904cb68e35275a64d11) Importer(815301076,1909f56bfc062723c751e8b465ee728b)  -> (artifact id: 'e30f359e2f10d1421c6b6606d203f9a0') in 0.038076 seconds
Number of updated asset objects reloaded before import = 0
Number of asset objects unloaded after import = 3
========================================================================
Received Import Request.
  Time since last request: 0.000132 seconds.
  path: Assets/Spirtes/Interface/Buttons/Green/BACK/BACK_N2.png
  artifactKey: Guid(bdfc6fbd25851484b9eef3cd0449f560) Importer(815301076,1909f56bfc062723c751e8b465ee728b)
Start importing Assets/Spirtes/Interface/Buttons/Green/BACK/BACK_N2.png using Guid(bdfc6fbd25851484b9eef3cd0449f560) Importer(815301076,1909f56bfc062723c751e8b465ee728b)  -> (artifact id: '61feb7ed5dd5c03c900a324e278abec5') in 0.035645 seconds
Number of updated asset objects reloaded before import = 0
Number of asset objects unloaded after import = 3
========================================================================
Received Import Request.
  Time since last request: 0.000031 seconds.
  path: Packages/com.unity.2d.animation/Editor/Assets/EditorIcons/Light/character_Mode.png
  artifactKey: Guid(d4d64a6cd9624c34a815dd79fb2a20a4) Importer(815301076,1909f56bfc062723c751e8b465ee728b)
Start importing Packages/com.unity.2d.animation/Editor/Assets/EditorIcons/Light/character_Mode.png using Guid(d4d64a6cd9624c34a815dd79fb2a20a4) Importer(815301076,1909f56bfc062723c751e8b465ee728b)  -> (artifact id: 'f0a4d5e5621fca43096524fb030efb8f') in 0.029022 seconds
Number of updated asset objects reloaded before import = 0
Number of asset objects unloaded after import = 3
========================================================================
Received Import Request.
  Time since last request: 0.000034 seconds.
  path: Packages/com.unity.2d.sprite/Editor/ObjectMenuCreation/DefaultAssets/Textures/Capsule.png
  artifactKey: Guid(bd3cb4af8406d4436a2ae8c2aafe1f8d) Importer(815301076,1909f56bfc062723c751e8b465ee728b)
Start importing Packages/com.unity.2d.sprite/Editor/ObjectMenuCreation/DefaultAssets/Textures/Capsule.png using Guid(bd3cb4af8406d4436a2ae8c2aafe1f8d) Importer(815301076,1909f56bfc062723c751e8b465ee728b)  -> (artifact id: '353fcd13a9001fe82d5bb0e6388e5ad5') in 0.043152 seconds
Number of updated asset objects reloaded before import = 0
Number of asset objects unloaded after import = 3
========================================================================
Received Import Request.
  Time since last request: 0.000025 seconds.
  path: Assets/Spirtes/Interface/Buttons/Grey/NUMBERS/06/06_2.png
  artifactKey: Guid(986e7d7a3cc5b774681b2270cc138de2) Importer(815301076,1909f56bfc062723c751e8b465ee728b)
Start importing Assets/Spirtes/Interface/Buttons/Grey/NUMBERS/06/06_2.png using Guid(986e7d7a3cc5b774681b2270cc138de2) Importer(815301076,1909f56bfc062723c751e8b465ee728b)  -> (artifact id: 'a19434af862391356cfc5a4c33783ac5') in 0.034055 seconds
Number of updated asset objects reloaded before import = 0
Number of asset objects unloaded after import = 3
========================================================================
Received Import Request.
  Time since last request: 0.000072 seconds.
  path: Packages/com.unity.textmeshpro/Editor Resources/Textures/btn_AlignCenterGeo.psd
  artifactKey: Guid(c76700ea0062413d9f69409b4e9e151b) Importer(815301076,1909f56bfc062723c751e8b465ee728b)
Start importing Packages/com.unity.textmeshpro/Editor Resources/Textures/btn_AlignCenterGeo.psd using Guid(c76700ea0062413d9f69409b4e9e151b) Importer(815301076,1909f56bfc062723c751e8b465ee728b)  -> (artifact id: 'a3d446805137ca462186b92d2e512a73') in 0.033194 seconds
Number of updated asset objects reloaded before import = 0
Number of asset objects unloaded after import = 2
========================================================================
Received Import Request.
  Time since last request: 0.000064 seconds.
  path: Assets/Spirtes/Interface/Buttons/Orange/BACK/BACK_L1.png
  artifactKey: Guid(bafb3559c8bf63e4db908c61d32d4fbe) Importer(815301076,1909f56bfc062723c751e8b465ee728b)
Start importing Assets/Spirtes/Interface/Buttons/Orange/BACK/BACK_L1.png using Guid(bafb3559c8bf63e4db908c61d32d4fbe) Importer(815301076,1909f56bfc062723c751e8b465ee728b)  -> (artifact id: 'b12b7bd13d7a651e2e7bf2579ba2b05b') in 0.041363 seconds
Number of updated asset objects reloaded before import = 0
Number of asset objects unloaded after import = 3
========================================================================
Received Import Request.
  Time since last request: 0.000036 seconds.
  path: Packages/com.unity.collab-proxy/Editor/PlasticSCM/Assets/Images/buttonssosigninemail.png
  artifactKey: Guid(d24e7e0b75e1a244bb9687d6fd4315ef) Importer(815301076,1909f56bfc062723c751e8b465ee728b)
Start importing Packages/com.unity.collab-proxy/Editor/PlasticSCM/Assets/Images/buttonssosigninemail.png using Guid(d24e7e0b75e1a244bb9687d6fd4315ef) Importer(815301076,1909f56bfc062723c751e8b465ee728b)  -> (artifact id: '74edb5278fbe225faf6b51cd935ea548') in 0.034348 seconds
Number of updated asset objects reloaded before import = 0
Number of asset objects unloaded after import = 2
========================================================================
Received Import Request.
  Time since last request: 0.000066 seconds.
  path: Packages/com.unity.2d.animation/Editor/Assets/ComponentIcons/Animation.SpriteSkin@64.png
  artifactKey: Guid(dd3db1e5b4263437aa298781bd55d726) Importer(815301076,1909f56bfc062723c751e8b465ee728b)
Start importing Packages/com.unity.2d.animation/Editor/Assets/ComponentIcons/Animation.SpriteSkin@64.png using Guid(dd3db1e5b4263437aa298781bd55d726) Importer(815301076,1909f56bfc062723c751e8b465ee728b)  -> (artifact id: '536411bfbe060908bfbe1dcb01ef0337') in 0.048635 seconds
Number of updated asset objects reloaded before import = 0
Number of asset objects unloaded after import = 3
========================================================================
Received Import Request.
  Time since last request: 0.000035 seconds.
  path: Assets/Spirtes/Interface/Buttons/Blue/BACK/BACK_L1.png
  artifactKey: Guid(8fa7b940bb75633479b033f82d49b69e) Importer(815301076,1909f56bfc062723c751e8b465ee728b)
Start importing Assets/Spirtes/Interface/Buttons/Blue/BACK/BACK_L1.png using Guid(8fa7b940bb75633479b033f82d49b69e) Importer(815301076,1909f56bfc062723c751e8b465ee728b)  -> (artifact id: 'd0385653bccac6dff8c076108d64bd7a') in 0.062061 seconds
Number of updated asset objects reloaded before import = 0
Number of asset objects unloaded after import = 3
========================================================================
Received Import Request.
  Time since last request: 0.000076 seconds.
  path: Packages/com.unity.2d.animation/Editor/Assets/ComponentIcons/Animation.IKLimb.png
  artifactKey: Guid(cf11b38b95bcf4dac8b48952d4fd11b8) Importer(815301076,1909f56bfc062723c751e8b465ee728b)
Start importing Packages/com.unity.2d.animation/Editor/Assets/ComponentIcons/Animation.IKLimb.png using Guid(cf11b38b95bcf4dac8b48952d4fd11b8) Importer(815301076,1909f56bfc062723c751e8b465ee728b)  -> (artifact id: 'afc9e1656da6f0436020a768c4865c40') in 0.048757 seconds
Number of updated asset objects reloaded before import = 0
Number of asset objects unloaded after import = 3
========================================================================
Received Import Request.
  Time since last request: 0.000038 seconds.
  path: Assets/Spirtes/Interface/Buttons/Blue/BACK/BACK_L2.png
  artifactKey: Guid(e310a1bfbe33bfc4c83acf12005c5f8b) Importer(815301076,1909f56bfc062723c751e8b465ee728b)
Start importing Assets/Spirtes/Interface/Buttons/Blue/BACK/BACK_L2.png using Guid(e310a1bfbe33bfc4c83acf12005c5f8b) Importer(815301076,1909f56bfc062723c751e8b465ee728b)  -> (artifact id: 'aceb6d7d057b3cfb935caac2970d3b90') in 0.070089 seconds
Number of updated asset objects reloaded before import = 0
Number of asset objects unloaded after import = 3
========================================================================
Received Import Request.
  Time since last request: 0.000029 seconds.
  path: Assets/Spirtes/Interface/Buttons/Orange/BACK/BACK_D1.png
  artifactKey: Guid(768099849e0149042a3d424760e7cde6) Importer(815301076,1909f56bfc062723c751e8b465ee728b)
Start importing Assets/Spirtes/Interface/Buttons/Orange/BACK/BACK_D1.png using Guid(768099849e0149042a3d424760e7cde6) Importer(815301076,1909f56bfc062723c751e8b465ee728b)  -> (artifact id: 'f7c4e0d3d551e2d3f5e6767538d73cbb') in 0.039236 seconds
Number of updated asset objects reloaded before import = 0
Number of asset objects unloaded after import = 3
========================================================================
Received Import Request.
  Time since last request: 0.000044 seconds.
  path: Packages/com.unity.2d.animation/Editor/Assets/ComponentIcons/Animation.SpriteLibrary On@32.png
  artifactKey: Guid(fad537f7b1df74e869915bbab4356a0f) Importer(815301076,1909f56bfc062723c751e8b465ee728b)
Start importing Packages/com.unity.2d.animation/Editor/Assets/ComponentIcons/Animation.SpriteLibrary On@32.png using Guid(fad537f7b1df74e869915bbab4356a0f) Importer(815301076,1909f56bfc062723c751e8b465ee728b)  -> (artifact id: '3508f3a3ff622b9469ee2098b8bfc5cd') in 0.034937 seconds
Number of updated asset objects reloaded before import = 0
Number of asset objects unloaded after import = 3
========================================================================
Received Import Request.
  Time since last request: 0.000032 seconds.
  path: Packages/com.unity.textmeshpro/Editor Resources/Textures/btn_AlignLeft.psd
  artifactKey: Guid(9288066c33474b94b6ee5465f4df1cc0) Importer(815301076,1909f56bfc062723c751e8b465ee728b)
Start importing Packages/com.unity.textmeshpro/Editor Resources/Textures/btn_AlignLeft.psd using Guid(9288066c33474b94b6ee5465f4df1cc0) Importer(815301076,1909f56bfc062723c751e8b465ee728b)  -> (artifact id: '2b56a29017fc7d1e24ae3d333a7289c8') in 0.032643 seconds
Number of updated asset objects reloaded before import = 0
Number of asset objects unloaded after import = 2
========================================================================
Received Import Request.
  Time since last request: 0.000084 seconds.
  path: Packages/com.unity.2d.animation/Editor/Assets/ComponentIcons/Animation.IKCCD@64.png
  artifactKey: Guid(84b96a9d1862c4a59afc0fff9875bfc4) Importer(815301076,1909f56bfc062723c751e8b465ee728b)
Start importing Packages/com.unity.2d.animation/Editor/Assets/ComponentIcons/Animation.IKCCD@64.png using Guid(84b96a9d1862c4a59afc0fff9875bfc4) Importer(815301076,1909f56bfc062723c751e8b465ee728b)  -> (artifact id: 'b03c757840f45cc3bde02a7f927aa616') in 0.031244 seconds
Number of updated asset objects reloaded before import = 0
Number of asset objects unloaded after import = 3
========================================================================
Received Import Request.
  Time since last request: 0.000028 seconds.
  path: Packages/com.unity.2d.animation/Editor/Assets/ComponentIcons/Animation.IKFabrik@128.png
  artifactKey: Guid(b86d0db9457f24011888218122cc164a) Importer(815301076,1909f56bfc062723c751e8b465ee728b)
Start importing Packages/com.unity.2d.animation/Editor/Assets/ComponentIcons/Animation.IKFabrik@128.png using Guid(b86d0db9457f24011888218122cc164a) Importer(815301076,1909f56bfc062723c751e8b465ee728b)  -> (artifact id: '681e5f3656e4fb30a6ba0a31db197b53') in 0.033633 seconds
Number of updated asset objects reloaded before import = 0
Number of asset objects unloaded after import = 3
========================================================================
Received Import Request.
  Time since last request: 0.000139 seconds.
  path: Packages/com.unity.2d.animation/Editor/Assets/ComponentIcons/Animation.IKCCD@32.png
  artifactKey: Guid(99e2d423491be485bafdee152310057a) Importer(815301076,1909f56bfc062723c751e8b465ee728b)
Start importing Packages/com.unity.2d.animation/Editor/Assets/ComponentIcons/Animation.IKCCD@32.png using Guid(99e2d423491be485bafdee152310057a) Importer(815301076,1909f56bfc062723c751e8b465ee728b)  -> (artifact id: 'ba9ea5827a5bbc4cdafd58a286a901f8') in 0.032289 seconds
Number of updated asset objects reloaded before import = 0
Number of asset objects unloaded after import = 3
========================================================================
Received Import Request.
  Time since last request: 0.000023 seconds.
  path: Assets/Spirtes/Interface/Buttons/Grey/BACK/BACK_L1.png
  artifactKey: Guid(4c9d803db6bec4f46882ca3a4cb2bc8c) Importer(815301076,1909f56bfc062723c751e8b465ee728b)
Start importing Assets/Spirtes/Interface/Buttons/Grey/BACK/BACK_L1.png using Guid(4c9d803db6bec4f46882ca3a4cb2bc8c) Importer(815301076,1909f56bfc062723c751e8b465ee728b)  -> (artifact id: '9794c66e14e6c94866c272498d12bb9f') in 0.043273 seconds
Number of updated asset objects reloaded before import = 0
Number of asset objects unloaded after import = 3
========================================================================
Received Import Request.
  Time since last request: 0.000043 seconds.
  path: Packages/com.unity.2d.animation/Editor/Assets/ComponentIcons/Animation.SpriteLibraryVar On@256.png
  artifactKey: Guid(2af1a7323d104499d992be9a2d8dc933) Importer(815301076,1909f56bfc062723c751e8b465ee728b)
Start importing Packages/com.unity.2d.animation/Editor/Assets/ComponentIcons/Animation.SpriteLibraryVar On@256.png using Guid(2af1a7323d104499d992be9a2d8dc933) Importer(815301076,1909f56bfc062723c751e8b465ee728b)  -> (artifact id: '26382f18f43a398feb0c9cbd90c738a2') in 0.051041 seconds
Number of updated asset objects reloaded before import = 0
Number of asset objects unloaded after import = 3
========================================================================
Received Import Request.
  Time since last request: 0.000056 seconds.
  path: Packages/com.unity.2d.animation/Editor/Assets/EditorIcons/Light/Bone_Influence@4x.png
  artifactKey: Guid(c7aa62ae78ffca0498c89e5f45f94c0e) Importer(815301076,1909f56bfc062723c751e8b465ee728b)
Start importing Packages/com.unity.2d.animation/Editor/Assets/EditorIcons/Light/Bone_Influence@4x.png using Guid(c7aa62ae78ffca0498c89e5f45f94c0e) Importer(815301076,1909f56bfc062723c751e8b465ee728b)  -> (artifact id: 'ebfedde583c0ccc2698d8b425922386c') in 0.042368 seconds
Number of updated asset objects reloaded before import = 0
Number of asset objects unloaded after import = 3
========================================================================
Received Import Request.
  Time since last request: 0.000087 seconds.
  path: Assets/Spirtes/Interface/Buttons/Grey/NUMBERS/03/03_1.png
  artifactKey: Guid(36025206843f43548b4fc645d0dd3fca) Importer(815301076,1909f56bfc062723c751e8b465ee728b)
Start importing Assets/Spirtes/Interface/Buttons/Grey/NUMBERS/03/03_1.png using Guid(36025206843f43548b4fc645d0dd3fca) Importer(815301076,1909f56bfc062723c751e8b465ee728b)  -> (artifact id: '60cbb423882b0dff5ef212eca3503842') in 0.044743 seconds
Number of updated asset objects reloaded before import = 0
Number of asset objects unloaded after import = 3
========================================================================
Received Import Request.
  Time since last request: 0.000041 seconds.
  path: Packages/com.unity.2d.animation/Editor/Assets/ComponentIcons/Animation.IKFabrik On@256.png
  artifactKey: Guid(b533c652136df4744a089524507a44c6) Importer(815301076,1909f56bfc062723c751e8b465ee728b)
Start importing Packages/com.unity.2d.animation/Editor/Assets/ComponentIcons/Animation.IKFabrik On@256.png using Guid(b533c652136df4744a089524507a44c6) Importer(815301076,1909f56bfc062723c751e8b465ee728b)  -> (artifact id: '5158a3a9efd3d2c36307927f06073bb8') in 0.048994 seconds
Number of updated asset objects reloaded before import = 0
Number of asset objects unloaded after import = 3
========================================================================
Received Import Request.
  Time since last request: 0.000021 seconds.
  path: Packages/com.unity.2d.animation/Editor/Assets/ComponentIcons/Animation.IKLimb On@32.png
  artifactKey: Guid(9382c856352ae4001b0ec605e74a61de) Importer(815301076,1909f56bfc062723c751e8b465ee728b)
Start importing Packages/com.unity.2d.animation/Editor/Assets/ComponentIcons/Animation.IKLimb On@32.png using Guid(9382c856352ae4001b0ec605e74a61de) Importer(815301076,1909f56bfc062723c751e8b465ee728b)  -> (artifact id: 'c4a3110cd97552f7cb7acc7bf9e05ff1') in 0.034360 seconds
Number of updated asset objects reloaded before import = 0
Number of asset objects unloaded after import = 3
========================================================================
Received Import Request.
  Time since last request: 0.000134 seconds.
  path: Assets/Spirtes/Interface/Buttons/Grey/NUMBERS/04/04_3.png
  artifactKey: Guid(778ef95fbc14822479c4e9fab1b4caf7) Importer(815301076,1909f56bfc062723c751e8b465ee728b)
Start importing Assets/Spirtes/Interface/Buttons/Grey/NUMBERS/04/04_3.png using Guid(778ef95fbc14822479c4e9fab1b4caf7) Importer(815301076,1909f56bfc062723c751e8b465ee728b)  -> (artifact id: '36f05b9e63f3cb6a1565fd11e1b52f0d') in 0.032082 seconds
Number of updated asset objects reloaded before import = 0
Number of asset objects unloaded after import = 3
========================================================================
Received Import Request.
  Time since last request: 0.000034 seconds.
  path: Packages/com.unity.2d.animation/Editor/Assets/ComponentIcons/Animation.SpriteLibraryManager On@32.png
  artifactKey: Guid(4a3c64ec8ad964011aa28fb633e9b153) Importer(815301076,1909f56bfc062723c751e8b465ee728b)
Start importing Packages/com.unity.2d.animation/Editor/Assets/ComponentIcons/Animation.SpriteLibraryManager On@32.png using Guid(4a3c64ec8ad964011aa28fb633e9b153) Importer(815301076,1909f56bfc062723c751e8b465ee728b)  -> (artifact id: '2042e9ab86009c09ae223062919d7e0c') in 0.044744 seconds
Number of updated asset objects reloaded before import = 0
Number of asset objects unloaded after import = 3
========================================================================
Received Import Request.
  Time since last request: 0.000046 seconds.
  path: Packages/com.unity.2d.animation/Editor/Assets/ComponentIcons/Animation.IKFabrik On@32.png
  artifactKey: Guid(f59542040dc5448459691fb41515f463) Importer(815301076,1909f56bfc062723c751e8b465ee728b)
Start importing Packages/com.unity.2d.animation/Editor/Assets/ComponentIcons/Animation.IKFabrik On@32.png using Guid(f59542040dc5448459691fb41515f463) Importer(815301076,1909f56bfc062723c751e8b465ee728b)  -> (artifact id: '6ef7684991d9306eaac9ccb379e305cc') in 0.040033 seconds
Number of updated asset objects reloaded before import = 0
Number of asset objects unloaded after import = 3
========================================================================
Received Import Request.
  Time since last request: 0.000062 seconds.
  path: Packages/com.unity.2d.animation/Editor/Assets/ComponentIcons/Animation.SpriteLibraryVar.png
  artifactKey: Guid(0490d28a1206e4c4cb4954be7b678980) Importer(815301076,1909f56bfc062723c751e8b465ee728b)
Start importing Packages/com.unity.2d.animation/Editor/Assets/ComponentIcons/Animation.SpriteLibraryVar.png using Guid(0490d28a1206e4c4cb4954be7b678980) Importer(815301076,1909f56bfc062723c751e8b465ee728b)  -> (artifact id: '1f97d673bb47c9fadf299bb12e80ccfb') in 0.036632 seconds
Number of updated asset objects reloaded before import = 0
Number of asset objects unloaded after import = 3
========================================================================
Received Import Request.
  Time since last request: 0.000077 seconds.
  path: Packages/com.unity.2d.animation/Editor/Assets/ComponentIcons/Animation.SpriteLibrary@32.png
  artifactKey: Guid(5c6d7a5595d5b4713980d6a92eb6fced) Importer(815301076,1909f56bfc062723c751e8b465ee728b)
Start importing Packages/com.unity.2d.animation/Editor/Assets/ComponentIcons/Animation.SpriteLibrary@32.png using Guid(5c6d7a5595d5b4713980d6a92eb6fced) Importer(815301076,1909f56bfc062723c751e8b465ee728b)  -> (artifact id: '9fed67dbd0900517995d38f727aec6b1') in 0.034372 seconds
Number of updated asset objects reloaded before import = 0
Number of asset objects unloaded after import = 3
========================================================================
Received Import Request.
  Time since last request: 0.000034 seconds.
  path: Assets/Spirtes/Interface/Buttons/Grey/NUMBERS/01/01_2.png
  artifactKey: Guid(001270ecc94e05b4bb50da9472401be2) Importer(815301076,1909f56bfc062723c751e8b465ee728b)
Start importing Assets/Spirtes/Interface/Buttons/Grey/NUMBERS/01/01_2.png using Guid(001270ecc94e05b4bb50da9472401be2) Importer(815301076,1909f56bfc062723c751e8b465ee728b)  -> (artifact id: 'e79d760c6091269007bde1151a840462') in 0.039587 seconds
Number of updated asset objects reloaded before import = 0
Number of asset objects unloaded after import = 3
========================================================================
Received Import Request.
  Time since last request: 0.000041 seconds.
  path: Assets/Spirtes/Bullets/BulletA_1.png
  artifactKey: Guid(4c1d98cde99673c4a933808963302c1b) Importer(815301076,1909f56bfc062723c751e8b465ee728b)
Start importing Assets/Spirtes/Bullets/BulletA_1.png using Guid(4c1d98cde99673c4a933808963302c1b) Importer(815301076,1909f56bfc062723c751e8b465ee728b)  -> (artifact id: '27d7b67b1584a3053341fda84f6aa1f9') in 0.037908 seconds
Number of updated asset objects reloaded before import = 0
Number of asset objects unloaded after import = 3
========================================================================
Received Import Request.
  Time since last request: 0.000058 seconds.
  path: Assets/Spirtes/Interface/Buttons/Grey/NUMBERS/04/04_4.png
  artifactKey: Guid(1ff8613854454d742b27115b843d0524) Importer(815301076,1909f56bfc062723c751e8b465ee728b)
Start importing Assets/Spirtes/Interface/Buttons/Grey/NUMBERS/04/04_4.png using Guid(1ff8613854454d742b27115b843d0524) Importer(815301076,1909f56bfc062723c751e8b465ee728b)  -> (artifact id: '6e3a2295ab3675601c8fd727246913d8') in 0.034049 seconds
Number of updated asset objects reloaded before import = 0
Number of asset objects unloaded after import = 3
========================================================================
Received Import Request.
  Time since last request: 0.000173 seconds.
  path: Packages/com.unity.2d.animation/Editor/Assets/ComponentIcons/Animation.SpriteLibrary On@256.png
  artifactKey: Guid(b2d98f54996544507ade581c727c1c51) Importer(815301076,1909f56bfc062723c751e8b465ee728b)
Start importing Packages/com.unity.2d.animation/Editor/Assets/ComponentIcons/Animation.SpriteLibrary On@256.png using Guid(b2d98f54996544507ade581c727c1c51) Importer(815301076,1909f56bfc062723c751e8b465ee728b)  -> (artifact id: '379a056f5dde5d682bac10e476c5e939') in 0.031997 seconds
Number of updated asset objects reloaded before import = 0
Number of asset objects unloaded after import = 3
========================================================================
Received Import Request.
  Time since last request: 0.000040 seconds.
  path: Assets/Spirtes/Interface/Buttons/Grey/NUMBERS/07/07_4.png
  artifactKey: Guid(71516cdd6d7eba845aa937c6a501b8e1) Importer(815301076,1909f56bfc062723c751e8b465ee728b)
Start importing Assets/Spirtes/Interface/Buttons/Grey/NUMBERS/07/07_4.png using Guid(71516cdd6d7eba845aa937c6a501b8e1) Importer(815301076,1909f56bfc062723c751e8b465ee728b)  -> (artifact id: 'ba712d6867f7ac3266044f88d7eaec27') in 0.029930 seconds
Number of updated asset objects reloaded before import = 0
Number of asset objects unloaded after import = 3
========================================================================
Received Import Request.
  Time since last request: 0.000031 seconds.
  path: Assets/Spirtes/Interface/Buttons/Red/BACK/BACK_N2.png
  artifactKey: Guid(07110c44728f03a4fb91e87732d03cab) Importer(815301076,1909f56bfc062723c751e8b465ee728b)
Start importing Assets/Spirtes/Interface/Buttons/Red/BACK/BACK_N2.png using Guid(07110c44728f03a4fb91e87732d03cab) Importer(815301076,1909f56bfc062723c751e8b465ee728b)  -> (artifact id: '0c86e7b6a6c8dab8f0a42ce4b1f292b4') in 0.040202 seconds
Number of updated asset objects reloaded before import = 0
Number of asset objects unloaded after import = 3
========================================================================
Received Import Request.
  Time since last request: 0.000057 seconds.
  path: Packages/com.unity.2d.animation/Editor/Assets/ComponentIcons/Animation.SpriteLibrary On@128.png
  artifactKey: Guid(46e8f61d13f8b49c7b2ac6beb5788f2c) Importer(815301076,1909f56bfc062723c751e8b465ee728b)
Start importing Packages/com.unity.2d.animation/Editor/Assets/ComponentIcons/Animation.SpriteLibrary On@128.png using Guid(46e8f61d13f8b49c7b2ac6beb5788f2c) Importer(815301076,1909f56bfc062723c751e8b465ee728b)  -> (artifact id: '9ac2b504c6ef83e412080da66fc92eb3') in 0.033564 seconds
Number of updated asset objects reloaded before import = 0
Number of asset objects unloaded after import = 3
========================================================================
Received Import Request.
  Time since last request: 0.000037 seconds.
  path: Assets/Spirtes/Interface/Buttons/Grey/NUMBERS/06/06_5.png
  artifactKey: Guid(ffe9fab99284b5848b244b00e5097c4d) Importer(815301076,1909f56bfc062723c751e8b465ee728b)
Start importing Assets/Spirtes/Interface/Buttons/Grey/NUMBERS/06/06_5.png using Guid(ffe9fab99284b5848b244b00e5097c4d) Importer(815301076,1909f56bfc062723c751e8b465ee728b)  -> (artifact id: '86c94c3998dd2478b5251d7cc4974f61') in 0.032696 seconds
Number of updated asset objects reloaded before import = 0
Number of asset objects unloaded after import = 3
========================================================================
Received Import Request.
  Time since last request: 0.000028 seconds.
  path: Assets/Spirtes/Interface/Buttons/Orange/BACK/BACK_N2.png
  artifactKey: Guid(31c9fd01f38670f4b81098cd66deb28d) Importer(815301076,1909f56bfc062723c751e8b465ee728b)
Start importing Assets/Spirtes/Interface/Buttons/Orange/BACK/BACK_N2.png using Guid(31c9fd01f38670f4b81098cd66deb28d) Importer(815301076,1909f56bfc062723c751e8b465ee728b)  -> (artifact id: '782da25a4fbf3d21c927fd07bd967072') in 0.035266 seconds
Number of updated asset objects reloaded before import = 0
Number of asset objects unloaded after import = 3
========================================================================
Received Import Request.
  Time since last request: 0.000026 seconds.
  path: Packages/com.unity.2d.animation/Editor/Assets/ComponentIcons/Animation.SpriteLibraryVar@256.png
  artifactKey: Guid(af04f3196abef440b94c03fbe3dab00f) Importer(815301076,1909f56bfc062723c751e8b465ee728b)
Start importing Packages/com.unity.2d.animation/Editor/Assets/ComponentIcons/Animation.SpriteLibraryVar@256.png using Guid(af04f3196abef440b94c03fbe3dab00f) Importer(815301076,1909f56bfc062723c751e8b465ee728b)  -> (artifact id: '337fba88b0e8ff261e360b66358fe466') in 0.047914 seconds
Number of updated asset objects reloaded before import = 0
Number of asset objects unloaded after import = 3
========================================================================
Received Import Request.
  Time since last request: 0.000055 seconds.
  path: Packages/com.unity.collab-proxy/Editor/PlasticSCM/Assets/Images/buttonssosigninunity.png
  artifactKey: Guid(f9161c6c9e06dc445ada3ee16d991f90) Importer(815301076,1909f56bfc062723c751e8b465ee728b)
Start importing Packages/com.unity.collab-proxy/Editor/PlasticSCM/Assets/Images/buttonssosigninunity.png using Guid(f9161c6c9e06dc445ada3ee16d991f90) Importer(815301076,1909f56bfc062723c751e8b465ee728b)  -> (artifact id: '33dbcff9be8768b6f97472ff061bdedd') in 0.034133 seconds
Number of updated asset objects reloaded before import = 0
Number of asset objects unloaded after import = 2
========================================================================
Received Import Request.
  Time since last request: 0.000034 seconds.
  path: Packages/com.unity.2d.animation/Editor/Assets/ComponentIcons/Animation.SpriteSkin On@128.png
  artifactKey: Guid(d2ddd27a2c7de4ad99b3d8c9d00e4265) Importer(815301076,1909f56bfc062723c751e8b465ee728b)
Start importing Packages/com.unity.2d.animation/Editor/Assets/ComponentIcons/Animation.SpriteSkin On@128.png using Guid(d2ddd27a2c7de4ad99b3d8c9d00e4265) Importer(815301076,1909f56bfc062723c751e8b465ee728b)  -> (artifact id: 'f0f2ee2911b25ed439b703ce3728a72c') in 0.039124 seconds
Number of updated asset objects reloaded before import = 0
Number of asset objects unloaded after import = 3
========================================================================
Received Import Request.
  Time since last request: 0.000021 seconds.
  path: Packages/com.unity.2d.animation/Editor/Assets/ComponentIcons/Animation.SpriteLibraryVar@32.png
  artifactKey: Guid(3e3d41c162ad74767b66168d4d94b99c) Importer(815301076,1909f56bfc062723c751e8b465ee728b)
Start importing Packages/com.unity.2d.animation/Editor/Assets/ComponentIcons/Animation.SpriteLibraryVar@32.png using Guid(3e3d41c162ad74767b66168d4d94b99c) Importer(815301076,1909f56bfc062723c751e8b465ee728b)  -> (artifact id: 'f34c9dc4f8923dccc4d71412efba3cf0') in 0.045319 seconds
Number of updated asset objects reloaded before import = 0
Number of asset objects unloaded after import = 3
========================================================================
Received Import Request.
  Time since last request: 0.000043 seconds.
  path: Assets/Spirtes/Interface/Buttons/Grey/NUMBERS/08/08_1.png
  artifactKey: Guid(cffc357690ef5634c9715aecb74c31c0) Importer(815301076,1909f56bfc062723c751e8b465ee728b)
Start importing Assets/Spirtes/Interface/Buttons/Grey/NUMBERS/08/08_1.png using Guid(cffc357690ef5634c9715aecb74c31c0) Importer(815301076,1909f56bfc062723c751e8b465ee728b)  -> (artifact id: 'cf471724f734eefec1583b7738bf68cb') in 0.049474 seconds
Number of updated asset objects reloaded before import = 0
Number of asset objects unloaded after import = 3
========================================================================
Received Import Request.
  Time since last request: 0.000038 seconds.
  path: Assets/Spirtes/Interface/Buttons/Grey/NUMBERS/09/09_1.png
  artifactKey: Guid(7e1b5eabf5bf6ca4085514121fb2aee2) Importer(815301076,1909f56bfc062723c751e8b465ee728b)
Start importing Assets/Spirtes/Interface/Buttons/Grey/NUMBERS/09/09_1.png using Guid(7e1b5eabf5bf6ca4085514121fb2aee2) Importer(815301076,1909f56bfc062723c751e8b465ee728b)  -> (artifact id: '45f84acf95ab9edd1e6116149d4b5a15') in 0.043112 seconds
Number of updated asset objects reloaded before import = 0
Number of asset objects unloaded after import = 3
========================================================================
Received Import Request.
  Time since last request: 0.000033 seconds.
  path: Packages/com.unity.2d.animation/Editor/Assets/ComponentIcons/Animation.SpriteResolver On@256.png
  artifactKey: Guid(fa557b89ecf3d44f2b6cae783ce09806) Importer(815301076,1909f56bfc062723c751e8b465ee728b)
Start importing Packages/com.unity.2d.animation/Editor/Assets/ComponentIcons/Animation.SpriteResolver On@256.png using Guid(fa557b89ecf3d44f2b6cae783ce09806) Importer(815301076,1909f56bfc062723c751e8b465ee728b)  -> (artifact id: '4abfee796fad61fa4280e29e6fec8616') in 0.035126 seconds
Number of updated asset objects reloaded before import = 0
Number of asset objects unloaded after import = 3
========================================================================
Received Import Request.
  Time since last request: 0.000038 seconds.
  path: Assets/Spirtes/Interface/Buttons/Grey/NUMBERS/03/03_3.png
  artifactKey: Guid(3560e1990a569b243ba4ccc408c5a2d3) Importer(815301076,1909f56bfc062723c751e8b465ee728b)
Start importing Assets/Spirtes/Interface/Buttons/Grey/NUMBERS/03/03_3.png using Guid(3560e1990a569b243ba4ccc408c5a2d3) Importer(815301076,1909f56bfc062723c751e8b465ee728b)  -> (artifact id: 'e4d9e8934866b13894adbc257580e4f2') in 0.034415 seconds
Number of updated asset objects reloaded before import = 0
Number of asset objects unloaded after import = 3
========================================================================
Received Import Request.
  Time since last request: 0.000030 seconds.
  path: Packages/com.unity.2d.animation/Editor/Assets/ComponentIcons/Animation.IKLimb@256.png
  artifactKey: Guid(4a3eebea80ac54fd3818f6a36c36168d) Importer(815301076,1909f56bfc062723c751e8b465ee728b)
Start importing Packages/com.unity.2d.animation/Editor/Assets/ComponentIcons/Animation.IKLimb@256.png using Guid(4a3eebea80ac54fd3818f6a36c36168d) Importer(815301076,1909f56bfc062723c751e8b465ee728b)  -> (artifact id: 'e14ebf16aa63aed9e771fd67506344fa') in 0.032845 seconds
Number of updated asset objects reloaded before import = 0
Number of asset objects unloaded after import = 3
========================================================================
Received Import Request.
  Time since last request: 0.000123 seconds.
  path: Packages/com.unity.2d.animation/Editor/Assets/ComponentIcons/Animation.IKManager@128.png
  artifactKey: Guid(6dfa8a4e449dd46479d1788637b70811) Importer(815301076,1909f56bfc062723c751e8b465ee728b)
Start importing Packages/com.unity.2d.animation/Editor/Assets/ComponentIcons/Animation.IKManager@128.png using Guid(6dfa8a4e449dd46479d1788637b70811) Importer(815301076,1909f56bfc062723c751e8b465ee728b)  -> (artifact id: '02c2821de66805cf5dfda1665a7fa30d') in 0.042147 seconds
Number of updated asset objects reloaded before import = 0
Number of asset objects unloaded after import = 3
========================================================================
Received Import Request.
  Time since last request: 0.000056 seconds.
  path: Packages/com.unity.2d.animation/Editor/Assets/ComponentIcons/Animation.IKManager@64.png
  artifactKey: Guid(0502e3e0c944a4f71948552166af7b48) Importer(815301076,1909f56bfc062723c751e8b465ee728b)
Start importing Packages/com.unity.2d.animation/Editor/Assets/ComponentIcons/Animation.IKManager@64.png using Guid(0502e3e0c944a4f71948552166af7b48) Importer(815301076,1909f56bfc062723c751e8b465ee728b)  -> (artifact id: 'c0b88e65df5e85ef3e6468fa55e558f2') in 0.035887 seconds
Number of updated asset objects reloaded before import = 0
Number of asset objects unloaded after import = 3
========================================================================
Received Import Request.
  Time since last request: 0.000032 seconds.
  path: Packages/com.unity.2d.animation/Editor/Assets/EditorIcons/Light/Bone@3x.png
  artifactKey: Guid(76beef9fdae7b48468ddf07d0400a374) Importer(815301076,1909f56bfc062723c751e8b465ee728b)
Start importing Packages/com.unity.2d.animation/Editor/Assets/EditorIcons/Light/Bone@3x.png using Guid(76beef9fdae7b48468ddf07d0400a374) Importer(815301076,1909f56bfc062723c751e8b465ee728b)  -> (artifact id: '6be7fd43743baab06e21ff484358b85e') in 0.027947 seconds
Number of updated asset objects reloaded before import = 0
Number of asset objects unloaded after import = 3
========================================================================
Received Import Request.
  Time since last request: 0.000022 seconds.
  path: Assets/Spirtes/Interface/Buttons/Grey/NUMBERS/08/08_2.png
  artifactKey: Guid(f4d022a830e23c04faf7dd047516166f) Importer(815301076,1909f56bfc062723c751e8b465ee728b)
Start importing Assets/Spirtes/Interface/Buttons/Grey/NUMBERS/08/08_2.png using Guid(f4d022a830e23c04faf7dd047516166f) Importer(815301076,1909f56bfc062723c751e8b465ee728b)  -> (artifact id: '4ad6e74153a1def542be7ad1b9958ba9') in 0.034365 seconds
Number of updated asset objects reloaded before import = 0
Number of asset objects unloaded after import = 3
========================================================================
Received Import Request.
  Time since last request: 0.000034 seconds.
  path: Packages/com.unity.2d.animation/Editor/Assets/EditorIcons/Light/character_Mode@3x.png
  artifactKey: Guid(17fa84703485d314b8d6b5216987d4b1) Importer(815301076,1909f56bfc062723c751e8b465ee728b)
Start importing Packages/com.unity.2d.animation/Editor/Assets/EditorIcons/Light/character_Mode@3x.png using Guid(17fa84703485d314b8d6b5216987d4b1) Importer(815301076,1909f56bfc062723c751e8b465ee728b)  -> (artifact id: '766ccedf36a11cfd1e3ee109739e6b57') in 0.048731 seconds
Number of updated asset objects reloaded before import = 0
Number of asset objects unloaded after import = 3
========================================================================
Received Import Request.
  Time since last request: 0.000110 seconds.
  path: Assets/Spirtes/Interface/Buttons/Green/BACK/BACK_D2.png
  artifactKey: Guid(a2a5ae1efd23c2e43902be06c4cf0361) Importer(815301076,1909f56bfc062723c751e8b465ee728b)
Start importing Assets/Spirtes/Interface/Buttons/Green/BACK/BACK_D2.png using Guid(a2a5ae1efd23c2e43902be06c4cf0361) Importer(815301076,1909f56bfc062723c751e8b465ee728b)  -> (artifact id: '5586a74c136dc2a11cd9b82ab135ac45') in 0.032273 seconds
Number of updated asset objects reloaded before import = 0
Number of asset objects unloaded after import = 3
========================================================================
Received Import Request.
  Time since last request: 0.000029 seconds.
  path: Packages/com.unity.2d.animation/Editor/Assets/ComponentIcons/Animation.SpriteLibraryVar On@32.png
  artifactKey: Guid(2a8bf227319d4421f91d9375e3ae59bf) Importer(815301076,1909f56bfc062723c751e8b465ee728b)
Start importing Packages/com.unity.2d.animation/Editor/Assets/ComponentIcons/Animation.SpriteLibraryVar On@32.png using Guid(2a8bf227319d4421f91d9375e3ae59bf) Importer(815301076,1909f56bfc062723c751e8b465ee728b)  -> (artifact id: 'bf15b376cde95262cffd38771e8b8536') in 0.037784 seconds
Number of updated asset objects reloaded before import = 0
Number of asset objects unloaded after import = 3
========================================================================
Received Import Request.
  Time since last request: 0.000046 seconds.
  path: Assets/Spirtes/Interface/Buttons/Grey/NUMBERS/01/01_3.png
  artifactKey: Guid(c3f2f04c6f6e53444ac0f7509f20fae8) Importer(815301076,1909f56bfc062723c751e8b465ee728b)
Start importing Assets/Spirtes/Interface/Buttons/Grey/NUMBERS/01/01_3.png using Guid(c3f2f04c6f6e53444ac0f7509f20fae8) Importer(815301076,1909f56bfc062723c751e8b465ee728b)  -> (artifact id: '6de838d37f311070364e5e24b1aded25') in 0.032020 seconds
Number of updated asset objects reloaded before import = 0
Number of asset objects unloaded after import = 3
========================================================================
Received Import Request.
  Time since last request: 0.000031 seconds.
  path: Packages/com.unity.2d.animation/Editor/Assets/ComponentIcons/Animation.SpriteLibraryVar@128.png
  artifactKey: Guid(5c718c499137a4dc48bbf03037c806f6) Importer(815301076,1909f56bfc062723c751e8b465ee728b)
Start importing Packages/com.unity.2d.animation/Editor/Assets/ComponentIcons/Animation.SpriteLibraryVar@128.png using Guid(5c718c499137a4dc48bbf03037c806f6) Importer(815301076,1909f56bfc062723c751e8b465ee728b)  -> (artifact id: '3b9b578bf817b6ee0c9c9080de6c31a1') in 0.042865 seconds
Number of updated asset objects reloaded before import = 0
Number of asset objects unloaded after import = 3
========================================================================
Received Import Request.
  Time since last request: 0.000078 seconds.
  path: Assets/Spirtes/Interface/Buttons/Grey/NUMBERS/06/06_6.png
  artifactKey: Guid(71944c8ef9bca4a47a809fe2ae8fe011) Importer(815301076,1909f56bfc062723c751e8b465ee728b)
Start importing Assets/Spirtes/Interface/Buttons/Grey/NUMBERS/06/06_6.png using Guid(71944c8ef9bca4a47a809fe2ae8fe011) Importer(815301076,1909f56bfc062723c751e8b465ee728b)  -> (artifact id: 'a59841f6741d5ed7030cb7a2cec9bbe8') in 0.035445 seconds
Number of updated asset objects reloaded before import = 0
Number of asset objects unloaded after import = 3
========================================================================
Received Import Request.
  Time since last request: 0.000042 seconds.
  path: Assets/Spirtes/Interface/Buttons/Grey/BACK/BACK_L2.png
  artifactKey: Guid(8a52a3c561510f445a8d9c8580175045) Importer(815301076,1909f56bfc062723c751e8b465ee728b)
Start importing Assets/Spirtes/Interface/Buttons/Grey/BACK/BACK_L2.png using Guid(8a52a3c561510f445a8d9c8580175045) Importer(815301076,1909f56bfc062723c751e8b465ee728b)  -> (artifact id: '01bca2e85e18aac76020a34fe9a57bc0') in 0.045246 seconds
Number of updated asset objects reloaded before import = 0
Number of asset objects unloaded after import = 3
========================================================================
Received Import Request.
  Time since last request: 0.000050 seconds.
  path: Assets/Spirtes/Interface/Buttons/Red/BACK/BACK_L1.png
  artifactKey: Guid(ab6a6a3e467156346be36e27198c2a0c) Importer(815301076,1909f56bfc062723c751e8b465ee728b)
Start importing Assets/Spirtes/Interface/Buttons/Red/BACK/BACK_L1.png using Guid(ab6a6a3e467156346be36e27198c2a0c) Importer(815301076,1909f56bfc062723c751e8b465ee728b)  -> (artifact id: '4212cdc6c7c71421c3b1096bebc793e0') in 0.047813 seconds
Number of updated asset objects reloaded before import = 0
Number of asset objects unloaded after import = 3
========================================================================
Received Import Request.
  Time since last request: 0.000060 seconds.
  path: Packages/com.unity.2d.sprite/Editor/ObjectMenuCreation/DefaultAssets/Textures/v2/9Sliced.png
  artifactKey: Guid(8884154dfe85442a3a3578be807dbcdf) Importer(815301076,1909f56bfc062723c751e8b465ee728b)
Start importing Packages/com.unity.2d.sprite/Editor/ObjectMenuCreation/DefaultAssets/Textures/v2/9Sliced.png using Guid(8884154dfe85442a3a3578be807dbcdf) Importer(815301076,1909f56bfc062723c751e8b465ee728b)  -> (artifact id: '0692f0848f2ab2e25ac63e35d9369825') in 0.061580 seconds
Number of updated asset objects reloaded before import = 0
Number of asset objects unloaded after import = 3
========================================================================
Received Import Request.
  Time since last request: 0.000115 seconds.
  path: Assets/Spirtes/Bullets/BulletD_2.png
  artifactKey: Guid(8654379e2b8064f4db7c57269132ebcc) Importer(815301076,1909f56bfc062723c751e8b465ee728b)
Start importing Assets/Spirtes/Bullets/BulletD_2.png using Guid(8654379e2b8064f4db7c57269132ebcc) Importer(815301076,1909f56bfc062723c751e8b465ee728b)  -> (artifact id: 'd8c86c27db372c0e2dbbe87eb4b32a2d') in 0.038347 seconds
Number of updated asset objects reloaded before import = 0
Number of asset objects unloaded after import = 3
========================================================================
Received Import Request.
  Time since last request: 0.000040 seconds.
  path: Assets/Spirtes/Interface/Buttons/Grey/NUMBERS/08/08_6.png
  artifactKey: Guid(9635cd22979bec846b086e02728d49aa) Importer(815301076,1909f56bfc062723c751e8b465ee728b)
Start importing Assets/Spirtes/Interface/Buttons/Grey/NUMBERS/08/08_6.png using Guid(9635cd22979bec846b086e02728d49aa) Importer(815301076,1909f56bfc062723c751e8b465ee728b)  -> (artifact id: '60fd26c2a039224d64d9e47bc444f5e5') in 0.055201 seconds
Number of updated asset objects reloaded before import = 0
Number of asset objects unloaded after import = 3
========================================================================
Received Import Request.
  Time since last request: 0.000036 seconds.
  path: Assets/Spirtes/Interface/Buttons/Grey/NUMBERS/03/03_4.png
  artifactKey: Guid(894a646c7486d0c42a6c0c75a8967c07) Importer(815301076,1909f56bfc062723c751e8b465ee728b)
Start importing Assets/Spirtes/Interface/Buttons/Grey/NUMBERS/03/03_4.png using Guid(894a646c7486d0c42a6c0c75a8967c07) Importer(815301076,1909f56bfc062723c751e8b465ee728b)  -> (artifact id: '6232be3e2a8ea131c1295df1f4ffed1f') in 0.036802 seconds
Number of updated asset objects reloaded before import = 0
Number of asset objects unloaded after import = 3
========================================================================
Received Import Request.
  Time since last request: 0.000223 seconds.
  path: Packages/com.unity.2d.animation/Editor/Assets/ComponentIcons/Animation.IKManager.png
  artifactKey: Guid(60b8296fcb7d548fb845a621c6c4cbb9) Importer(815301076,1909f56bfc062723c751e8b465ee728b)
Start importing Packages/com.unity.2d.animation/Editor/Assets/ComponentIcons/Animation.IKManager.png using Guid(60b8296fcb7d548fb845a621c6c4cbb9) Importer(815301076,1909f56bfc062723c751e8b465ee728b)  -> (artifact id: '4936740570733939ce05d018f679a500') in 0.043070 seconds
Number of updated asset objects reloaded before import = 0
Number of asset objects unloaded after import = 3
========================================================================
Received Import Request.
  Time since last request: 0.000030 seconds.
  path: Packages/com.unity.textmeshpro/Editor Resources/Textures/btn_AlignRight.psd
  artifactKey: Guid(342a0f8aca7f4f0691338912faec0494) Importer(815301076,1909f56bfc062723c751e8b465ee728b)
Start importing Packages/com.unity.textmeshpro/Editor Resources/Textures/btn_AlignRight.psd using Guid(342a0f8aca7f4f0691338912faec0494) Importer(815301076,1909f56bfc062723c751e8b465ee728b)  -> (artifact id: '33e03374501229387dc5201c199b1986') in 0.028034 seconds
Number of updated asset objects reloaded before import = 0
Number of asset objects unloaded after import = 2
========================================================================
Received Import Request.
  Time since last request: 0.000027 seconds.
  path: Packages/com.unity.2d.animation/Editor/Assets/ComponentIcons/Animation.SpriteResolver.png
  artifactKey: Guid(31d22d44ff25f4a5c95ac4842b5fb74f) Importer(815301076,1909f56bfc062723c751e8b465ee728b)
Start importing Packages/com.unity.2d.animation/Editor/Assets/ComponentIcons/Animation.SpriteResolver.png using Guid(31d22d44ff25f4a5c95ac4842b5fb74f) Importer(815301076,1909f56bfc062723c751e8b465ee728b)  -> (artifact id: '49a1a8ac12cdf5f1d10615ed8957eadd') in 0.038733 seconds
Number of updated asset objects reloaded before import = 0
Number of asset objects unloaded after import = 3
========================================================================
Received Import Request.
  Time since last request: 0.000081 seconds.
  path: Packages/com.unity.textmeshpro/Editor Resources/Textures/btn_AlignJustified_Light.psd
  artifactKey: Guid(fa6bd40a216346b783a4cce741d277a5) Importer(815301076,1909f56bfc062723c751e8b465ee728b)
Start importing Packages/com.unity.textmeshpro/Editor Resources/Textures/btn_AlignJustified_Light.psd using Guid(fa6bd40a216346b783a4cce741d277a5) Importer(815301076,1909f56bfc062723c751e8b465ee728b)  -> (artifact id: 'ed6f9ef3558bc5965996a08352df706d') in 0.036473 seconds
Number of updated asset objects reloaded before import = 0
Number of asset objects unloaded after import = 2
========================================================================
Received Import Request.
  Time since last request: 0.000046 seconds.
  path: Assets/Spirtes/Interface/Buttons/Grey/NUMBERS/05/05_4.png
  artifactKey: Guid(5d4aaea28a9d11c44a0efb53012210df) Importer(815301076,1909f56bfc062723c751e8b465ee728b)
Start importing Assets/Spirtes/Interface/Buttons/Grey/NUMBERS/05/05_4.png using Guid(5d4aaea28a9d11c44a0efb53012210df) Importer(815301076,1909f56bfc062723c751e8b465ee728b)  -> (artifact id: 'c890c0205fede36bc9890e3d9a2c75de') in 0.040890 seconds
Number of updated asset objects reloaded before import = 0
Number of asset objects unloaded after import = 3
========================================================================
Received Import Request.
  Time since last request: 0.000043 seconds.
  path: Assets/Spirtes/Interface/Buttons/Grey/BACK/BACK_N2.png
  artifactKey: Guid(48622002fdebe7d42826a87168d70105) Importer(815301076,1909f56bfc062723c751e8b465ee728b)
Start importing Assets/Spirtes/Interface/Buttons/Grey/BACK/BACK_N2.png using Guid(48622002fdebe7d42826a87168d70105) Importer(815301076,1909f56bfc062723c751e8b465ee728b)  -> (artifact id: 'ed27a9422443e85395e5b9ff34d405c2') in 0.035613 seconds
Number of updated asset objects reloaded before import = 0
Number of asset objects unloaded after import = 3
========================================================================
Received Import Request.
  Time since last request: 0.000152 seconds.
  path: Packages/com.unity.textmeshpro/Editor Resources/Textures/btn_AlignRight_Light.psd
  artifactKey: Guid(e05ace3bd15740cda0bad60d89092a5b) Importer(815301076,1909f56bfc062723c751e8b465ee728b)
Start importing Packages/com.unity.textmeshpro/Editor Resources/Textures/btn_AlignRight_Light.psd using Guid(e05ace3bd15740cda0bad60d89092a5b) Importer(815301076,1909f56bfc062723c751e8b465ee728b)  -> (artifact id: '6f034176d5b78266d25597f577b558ad') in 0.032794 seconds
Number of updated asset objects reloaded before import = 0
Number of asset objects unloaded after import = 2
========================================================================
Received Import Request.
  Time since last request: 0.000046 seconds.
  path: Assets/Spirtes/Interface/Buttons/Grey/NUMBERS/04/04_1.png
  artifactKey: Guid(79afe8390b61f584faec625c8909c017) Importer(815301076,1909f56bfc062723c751e8b465ee728b)
Start importing Assets/Spirtes/Interface/Buttons/Grey/NUMBERS/04/04_1.png using Guid(79afe8390b61f584faec625c8909c017) Importer(815301076,1909f56bfc062723c751e8b465ee728b)  -> (artifact id: '42f1fa1327ca376cfd17037cf70185e1') in 0.038467 seconds
Number of updated asset objects reloaded before import = 0
Number of asset objects unloaded after import = 3
========================================================================
Received Import Request.
  Time since last request: 0.000040 seconds.
  path: Assets/Spirtes/Interface/Buttons/Grey/NUMBERS/09/09_4.png
  artifactKey: Guid(92d4afd558ebabc4082c5c67fb8498da) Importer(815301076,1909f56bfc062723c751e8b465ee728b)
Start importing Assets/Spirtes/Interface/Buttons/Grey/NUMBERS/09/09_4.png using Guid(92d4afd558ebabc4082c5c67fb8498da) Importer(815301076,1909f56bfc062723c751e8b465ee728b)  -> (artifact id: 'fffcea6670791c1a4c047fb89a4c3598') in 0.036801 seconds
Number of updated asset objects reloaded before import = 0
Number of asset objects unloaded after import = 3
========================================================================
Received Import Request.
  Time since last request: 0.000033 seconds.
  path: Assets/Spirtes/Bullets/BulletB_2.png
  artifactKey: Guid(b8d1cfdde25f63343a5161770632acc5) Importer(815301076,1909f56bfc062723c751e8b465ee728b)
Start importing Assets/Spirtes/Bullets/BulletB_2.png using Guid(b8d1cfdde25f63343a5161770632acc5) Importer(815301076,1909f56bfc062723c751e8b465ee728b)  -> (artifact id: 'c563ab9b967bbf42da51b6e764a7b93c') in 0.050618 seconds
Number of updated asset objects reloaded before import = 0
Number of asset objects unloaded after import = 3
========================================================================
Received Import Request.
  Time since last request: 0.000042 seconds.
  path: Assets/Spirtes/Interface/Buttons/Grey/NUMBERS/02/02_1.png
  artifactKey: Guid(d7af5872337ee3e48ab638414f7f44e3) Importer(815301076,1909f56bfc062723c751e8b465ee728b)
Start importing Assets/Spirtes/Interface/Buttons/Grey/NUMBERS/02/02_1.png using Guid(d7af5872337ee3e48ab638414f7f44e3) Importer(815301076,1909f56bfc062723c751e8b465ee728b)  -> (artifact id: '0912f0ee3bec79d92e9ad8332e9c3aa4') in 0.050300 seconds
Number of updated asset objects reloaded before import = 0
Number of asset objects unloaded after import = 3
========================================================================
Received Import Request.
  Time since last request: 0.000100 seconds.
  path: Assets/Spirtes/Interface/Buttons/Green/BACK/BACK_L2.png
  artifactKey: Guid(0b45cb62fa8c57a498d8fe332f76edb3) Importer(815301076,1909f56bfc062723c751e8b465ee728b)
Start importing Assets/Spirtes/Interface/Buttons/Green/BACK/BACK_L2.png using Guid(0b45cb62fa8c57a498d8fe332f76edb3) Importer(815301076,1909f56bfc062723c751e8b465ee728b)  -> (artifact id: '47aee4397556e5df0b3ebc6a4750f8db') in 0.044020 seconds
Number of updated asset objects reloaded before import = 0
Number of asset objects unloaded after import = 3
========================================================================
Received Import Request.
  Time since last request: 0.000055 seconds.
  path: Packages/com.unity.textmeshpro/Editor Resources/Textures/btn_AlignCapLine_Light.psd
  artifactKey: Guid(49679f302ac6408697f6b9314a38985c) Importer(815301076,1909f56bfc062723c751e8b465ee728b)
Start importing Packages/com.unity.textmeshpro/Editor Resources/Textures/btn_AlignCapLine_Light.psd using Guid(49679f302ac6408697f6b9314a38985c) Importer(815301076,1909f56bfc062723c751e8b465ee728b)  -> (artifact id: 'e7e5be33f6dfa51dbe5371411fe1cbd8') in 0.043368 seconds
Number of updated asset objects reloaded before import = 0
Number of asset objects unloaded after import = 2
Editor requested this worker to shutdown with reason: Scaling down because of idle timeout
TcpMessagingSession - receive error: operation aborted. errorcode: 995, details: The I/O operation has been aborted because of either a thread exit or an application request.
AssetImportWorker is now disconnected from the server
Process exiting
Exiting without the bug reporter. Application will terminate with return code 0